<?xml version="1.0" encoding="UTF-8"?>
<!-- Generated by org.testng.reporters.JUnitReportReporter -->
<testsuite hostname="GISI-6G8XPC2" failures="0" tests="1" name="QA_OpenCart.QA_Test.CheckoutTest" time="16.237" errors="0" timestamp="18 Mar 2021 07:46:04 GMT">
  <testcase classname="QA_OpenCart.QA_Test.CheckoutTest" name="checkout" time="16.237"/>
</testsuite> <!-- QA_OpenCart.QA_Test.CheckoutTest -->
