<?xml version="1.0" encoding="UTF-8"?>
<!-- Generated by org.testng.reporters.JUnitReportReporter -->
<testsuite hostname="GISI-6G8XPC2" failures="1" tests="1" name="QA_OpenCart.QA_Test.AddToCartTest" time="6.385" errors="0" timestamp="17 Mar 2021 07:04:42 GMT">
  <testcase classname="QA_OpenCart.QA_Test.AddToCartTest" name="AddtoCart" time="6.385">
    <failure message="expected:&lt;Success: You have added iMac to your shopping cart!&gt; but was:&lt;Desktops (13)
   - PC (0)
   - Mac (1)
Laptops &amp; Notebooks (5)
Components (2)
Tablets (1)
Software (0)
Phones &amp; PDAs (3)
Cameras (2)
MP3 Players (4)
Mac
Product Compare (0)
Sort By:
              
              
              
                                          
              
              
              Default
              
              
              
                                                        
              
              
              Name (A - Z)
              
              
              
                                                        
              
              
              Name (Z - A)
              
              
              
                                                        
              
              
              Price (Low &gt; High)
              
              
              
                                                        
              
              
              Price (High &gt; Low)
              
              
              
                                                        
              
              
              Rating (Highest)
              
              
              
                                                        
              
              
              Rating (Lowest)
              
              
              
                                                        
              
              
              Model (A - Z)
              
              
              
                                                        
              
              
              Model (Z - A)
              
              
              
                                        
            
            
             Show:
              
              
              
                                          
              
              
              15
              
              
              
                                                        
              
              
              25
              
              
              
                                                        
              
              
              50
              
              
              
                                                        
              
              
              75
              
              
              
                                                        
              
              
              100
              
              
              
                                        
            
            
             iMac
Just when you thought iMac had everything, now there´s even more. More powerful Intel Core 2 Duo pro..
$100.00
Ex Tax: $100.00
ADD TO CART
Showing 1 to 1 of 1 (1 Pages)&gt;" type="junit.framework.ComparisonFailure">
      <![CDATA[junit.framework.ComparisonFailure: expected:<Success: You have added iMac to your shopping cart!> but was:<Desktops (13)
   - PC (0)
   - Mac (1)
Laptops & Notebooks (5)
Components (2)
Tablets (1)
Software (0)
Phones & PDAs (3)
Cameras (2)
MP3 Players (4)
Mac
Product Compare (0)
Sort By:
              
              
              
                                          
              
              
              Default
              
              
              
                                                        
              
              
              Name (A - Z)
              
              
              
                                                        
              
              
              Name (Z - A)
              
              
              
                                                        
              
              
              Price (Low > High)
              
              
              
                                                        
              
              
              Price (High > Low)
              
              
              
                                                        
              
              
              Rating (Highest)
              
              
              
                                                        
              
              
              Rating (Lowest)
              
              
              
                                                        
              
              
              Model (A - Z)
              
              
              
                                                        
              
              
              Model (Z - A)
              
              
              
                                        
            
            
             Show:
              
              
              
                                          
              
              
              15
              
              
              
                                                        
              
              
              25
              
              
              
                                                        
              
              
              50
              
              
              
                                                        
              
              
              75
              
              
              
                                                        
              
              
              100
              
              
              
                                        
            
            
             iMac
Just when you thought iMac had everything, now there´s even more. More powerful Intel Core 2 Duo pro..
$100.00
Ex Tax: $100.00
ADD TO CART
Showing 1 to 1 of 1 (1 Pages)>
	at junit.framework.Assert.assertEquals(Assert.java:81)
	at junit.framework.Assert.assertEquals(Assert.java:87)
	at QA_OpenCart.QA_Test.AddToCartTest.AddtoCart(AddToCartTest.java:49)
	at java.base/jdk.internal.reflect.NativeMethodAccessorImpl.invoke0(Native Method)
	at java.base/jdk.internal.reflect.NativeMethodAccessorImpl.invoke(NativeMethodAccessorImpl.java:62)
	at java.base/jdk.internal.reflect.DelegatingMethodAccessorImpl.invoke(DelegatingMethodAccessorImpl.java:43)
	at java.base/java.lang.reflect.Method.invoke(Method.java:566)
	at org.testng.internal.MethodInvocationHelper.invokeMethod(MethodInvocationHelper.java:80)
	at org.testng.internal.Invoker.invokeMethod(Invoker.java:714)
	at org.testng.internal.Invoker.invokeTestMethod(Invoker.java:901)
	at org.testng.internal.Invoker.invokeTestMethods(Invoker.java:1231)
	at org.testng.internal.TestMethodWorker.invokeTestMethods(TestMethodWorker.java:127)
	at org.testng.internal.TestMethodWorker.run(TestMethodWorker.java:111)
	at org.testng.TestRunner.privateRun(TestRunner.java:767)
	at org.testng.TestRunner.run(TestRunner.java:617)
	at org.testng.SuiteRunner.runTest(SuiteRunner.java:334)
	at org.testng.SuiteRunner.runSequentially(SuiteRunner.java:329)
	at org.testng.SuiteRunner.privateRun(SuiteRunner.java:291)
	at org.testng.SuiteRunner.run(SuiteRunner.java:240)
	at org.testng.SuiteRunnerWorker.runSuite(SuiteRunnerWorker.java:52)
	at org.testng.SuiteRunnerWorker.run(SuiteRunnerWorker.java:86)
	at org.testng.TestNG.runSuitesSequentially(TestNG.java:1198)
	at org.testng.TestNG.runSuitesLocally(TestNG.java:1123)
	at org.testng.TestNG.run(TestNG.java:1031)
	at org.testng.remote.AbstractRemoteTestNG.run(AbstractRemoteTestNG.java:115)
	at org.testng.remote.RemoteTestNG.initAndRun(RemoteTestNG.java:251)
	at org.testng.remote.RemoteTestNG.main(RemoteTestNG.java:77)
]]>
    </failure>
  </testcase> <!-- AddtoCart -->
</testsuite> <!-- QA_OpenCart.QA_Test.AddToCartTest -->
