<?xml version="1.0" encoding="UTF-8"?>
<!-- Generated by org.testng.reporters.JUnitReportReporter -->
<testsuite hostname="GISI-6G8XPC2" failures="0" tests="2" name="QA_OpenCart.QA_Test.LoginTest" time="7.143" errors="0" timestamp="31 Mar 2021 11:58:24 GMT">
  <testcase classname="QA_OpenCart.QA_Test.LoginTest" name="Login" time="3.319"/>
  <testcase classname="QA_OpenCart.QA_Test.LoginTest" name="Login" time="3.824"/>
</testsuite> <!-- QA_OpenCart.QA_Test.LoginTest -->
