<?xml version="1.0" encoding="UTF-8"?>
<!-- Generated by org.testng.reporters.JUnitReportReporter -->
<testsuite hostname="GISI-6G8XPC2" failures="0" tests="1" name="QA_OpenCart.QA_Test.CheckoutTest" time="36.406" errors="0" timestamp="20 Mar 2021 16:45:47 GMT">
  <testcase classname="QA_OpenCart.QA_Test.CheckoutTest" name="checkout" time="36.406"/>
</testsuite> <!-- QA_OpenCart.QA_Test.CheckoutTest -->
